<?xml version="1.0" encoding="UTF-8"?>
<testsuite xmlns:xsi="http://www.w3.org/2001/XMLSchema-instance" xsi:noNamespaceSchemaLocation="https://maven.apache.org/surefire/maven-surefire-plugin/xsd/surefire-test-report-3.0.xsd" version="3.0" name="com.shortlink.cache.CacheTest$CacheConsistencyTest" time="0.556" tests="5" errors="0" skipped="0" failures="0">
  <properties>
[...]
</properties>
  <testcase name="testConsistency_ConcurrentUpdates" classname="com.shortlink.cache.CacheTest$CacheConsistencyTest" time="0.128">
    <system-out><![CDATA[2026-04-26T11:58:35.109+08:00  INFO 14984 --- [shortlink-backend] [           main] t.c.s.AnnotationConfigContextLoaderUtils : Could not detect default configuration classes for test class [com.shortlink.cache.CacheTest$CacheConsistencyTest]: CacheConsistencyTest does not declare any static, non-private, non-final, nested classes annotated with @Configuration.
2026-04-26T11:58:35.112+08:00  INFO 14984 --- [shortlink-backend] [           main] .b.t.c.SpringBootTestContextBootstrapper : Found @SpringBootConfiguration com.shortlink.ShortLinkApplication for test class com.shortlink.cache.CacheTest$CacheConsistencyTest
Creating a new SqlSession
SqlSession [org.apache.ibatis.session.defaults.DefaultSqlSession@4ff7de80] was not registered for synchronization because synchronization is not active
JDBC Connection [HikariProxyConnection@1139712957 wrapping conn0: url=jdbc:h2:mem:testdb user=SA] will not be managed by Spring
==>  Preparing: SELECT id,username,password,phone,mail,real_phone,real_mail,del_flag,create_time,update_time FROM link_user WHERE del_flag=0 AND (username = ?)
==> Parameters: cache_test_user_1777175915119(String)
<==      Total: 0
Closing non transactional SqlSession [org.apache.ibatis.session.defaults.DefaultSqlSession@4ff7de80]
Creating a new SqlSession
SqlSession [org.apache.ibatis.session.defaults.DefaultSqlSession@2cd6112b] was not registered for synchronization because synchronization is not active
JDBC Connection [HikariProxyConnection@2139024047 wrapping conn0: url=jdbc:h2:mem:testdb user=SA] will not be managed by Spring
==>  Preparing: INSERT INTO link_user ( id, username, password, real_phone, real_mail, del_flag, create_time, update_time ) VALUES ( ?, ?, ?, ?, ?, ?, ?, ? )
==> Parameters: 1777175915121(Long), cache_test_user_1777175915119(String), $2a$10$JYrQ4YycX4yJ2YinBjnmhuUZ5C.8vhdPA/9Cz3oMP0Z3KCUWTzWSW(String), 13800138000(String), test@example.com(String), 0(Integer), 2026-04-26T11:58:35.182807900(LocalDateTime), 2026-04-26T11:58:35.182807900(LocalDateTime)
<==    Updates: 1
Closing non transactional SqlSession [org.apache.ibatis.session.defaults.DefaultSqlSession@2cd6112b]
Creating a new SqlSession
SqlSession [org.apache.ibatis.session.defaults.DefaultSqlSession@e8c381e] was not registered for synchronization because synchronization is not active
JDBC Connection [HikariProxyConnection@944345401 wrapping conn0: url=jdbc:h2:mem:testdb user=SA] will not be managed by Spring
==>  Preparing: SELECT id,gid,name,username,sort_order,del_flag,create_time,update_time FROM link_group WHERE del_flag=0 AND (gid = ?)
==> Parameters: testgid75915184(String)
<==      Total: 0
Closing non transactional SqlSession [org.apache.ibatis.session.defaults.DefaultSqlSession@e8c381e]
Creating a new SqlSession
SqlSession [org.apache.ibatis.session.defaults.DefaultSqlSession@240a9052] was not registered for synchronization because synchronization is not active
JDBC Connection [HikariProxyConnection@749288942 wrapping conn0: url=jdbc:h2:mem:testdb user=SA] will not be managed by Spring
==>  Preparing: INSERT INTO link_group ( id, gid, name, username, sort_order, del_flag, create_time, update_time ) VALUES ( ?, ?, ?, ?, ?, ?, ?, ? )
==> Parameters: 1777175915184(Long), testgid75915184(String), 测试分组(String), cache_test_user_1777175915119(String), 0(Integer), 0(Integer), 2026-04-26T11:58:35.184827600(LocalDateTime), 2026-04-26T11:58:35.184827600(LocalDateTime)
<==    Updates: 1
Closing non transactional SqlSession [org.apache.ibatis.session.defaults.DefaultSqlSession@240a9052]
Creating a new SqlSession
SqlSession [org.apache.ibatis.session.defaults.DefaultSqlSession@430abcad] was not registered for synchronization because synchronization is not active
JDBC Connection [HikariProxyConnection@926825900 wrapping conn0: url=jdbc:h2:mem:testdb user=SA] will not be managed by Spring
==>  Preparing: SELECT id,short_code,gid,origin_url,favicon_url,title,expire_time,status,del_flag,create_time,update_time FROM link_link WHERE del_flag=0 AND (short_code = ?)
==> Parameters: concurrent(String)
<==      Total: 0
Closing non transactional SqlSession [org.apache.ibatis.session.defaults.DefaultSqlSession@430abcad]
Creating a new SqlSession
SqlSession [org.apache.ibatis.session.defaults.DefaultSqlSession@4746b319] was not registered for synchronization because synchronization is not active
JDBC Connection [HikariProxyConnection@265153360 wrapping conn0: url=jdbc:h2:mem:testdb user=SA] will not be managed by Spring
==>  Preparing: INSERT INTO link_link ( id, short_code, gid, origin_url, favicon_url, title, status, del_flag, create_time, update_time ) VALUES ( ?, ?, ?, ?, ?, ?, ?, ?, ?, ? )
==> Parameters: 1777175915187(Long), concurrent(String), testgid75915184(String), https://www.example.com/test(String), https://www.example.com/favicon.ico(String), 测试链接(String), 0(Integer), 0(Integer), 2026-04-26T11:58:35.187423300(LocalDateTime), 2026-04-26T11:58:35.187423300(LocalDateTime)
<==    Updates: 1
Closing non transactional SqlSession [org.apache.ibatis.session.defaults.DefaultSqlSession@4746b319]
Creating a new SqlSession
Creating a new SqlSession
Registering transaction synchronization for SqlSession [org.apache.ibatis.session.defaults.DefaultSqlSession@4cd096f7]
Registering transaction synchronization for SqlSession [org.apache.ibatis.session.defaults.DefaultSqlSession@6f36e5a0]
JDBC Connection [HikariProxyConnection@1556104406 wrapping conn0: url=jdbc:h2:mem:testdb user=SA] will be managed by Spring
JDBC Connection [HikariProxyConnection@419029701 wrapping conn1: url=jdbc:h2:mem:testdb user=SA] will be managed by Spring
==>  Preparing: SELECT id,short_code,gid,origin_url,favicon_url,title,expire_time,status,del_flag,create_time,update_time FROM link_link WHERE del_flag=0 AND (short_code = ? AND status = ?)
==>  Preparing: SELECT id,short_code,gid,origin_url,favicon_url,title,expire_time,status,del_flag,create_time,update_time FROM link_link WHERE del_flag=0 AND (short_code = ? AND status = ?)
==> Parameters: concurrent(String), 0(Integer)
==> Parameters: concurrent(String), 0(Integer)
<==    Columns: ID, SHORT_CODE, GID, ORIGIN_URL, FAVICON_URL, TITLE, EXPIRE_TIME, STATUS, DEL_FLAG, CREATE_TIME, UPDATE_TIME
<==    Columns: ID, SHORT_CODE, GID, ORIGIN_URL, FAVICON_URL, TITLE, EXPIRE_TIME, STATUS, DEL_FLAG, CREATE_TIME, UPDATE_TIME
<==        Row: 1777175915187, concurrent, testgid75915184, https://www.example.com/test, https://www.example.com/favicon.ico, 测试链接, null, 0, 0, 2026-04-26 11:58:35.187423, 2026-04-26 11:58:35.187423
<==        Row: 1777175915187, concurrent, testgid75915184, https://www.example.com/test, https://www.example.com/favicon.ico, 测试链接, null, 0, 0, 2026-04-26 11:58:35.187423, 2026-04-26 11:58:35.187423
<==      Total: 1
<==      Total: 1
Releasing transactional SqlSession [org.apache.ibatis.session.defaults.DefaultSqlSession@4cd096f7]
Releasing transactional SqlSession [org.apache.ibatis.session.defaults.DefaultSqlSession@6f36e5a0]
Fetched SqlSession [org.apache.ibatis.session.defaults.DefaultSqlSession@6f36e5a0] from current transaction
Fetched SqlSession [org.apache.ibatis.session.defaults.DefaultSqlSession@4cd096f7] from current transaction
==>  Preparing: SELECT id,gid,name,username,sort_order,del_flag,create_time,update_time FROM link_group WHERE del_flag=0 AND (gid = ? AND username = ?)
==>  Preparing: SELECT id,gid,name,username,sort_order,del_flag,create_time,update_time FROM link_group WHERE del_flag=0 AND (gid = ? AND username = ?)
==> Parameters: testgid75915184(String), cache_test_user_1777175915119(String)
==> Parameters: testgid75915184(String), cache_test_user_1777175915119(String)
<==    Columns: ID, GID, NAME, USERNAME, SORT_ORDER, DEL_FLAG, CREATE_TIME, UPDATE_TIME
<==        Row: 1777175915184, testgid75915184, 测试分组, cache_test_user_1777175915119, 0, 0, 2026-04-26 11:58:35.184828, 2026-04-26 11:58:35.184828
<==    Columns: ID, GID, NAME, USERNAME, SORT_ORDER, DEL_FLAG, CREATE_TIME, UPDATE_TIME
<==        Row: 1777175915184, testgid75915184, 测试分组, cache_test_user_1777175915119, 0, 0, 2026-04-26 11:58:35.184828, 2026-04-26 11:58:35.184828
<==      Total: 1
<==      Total: 1
Releasing transactional SqlSession [org.apache.ibatis.session.defaults.DefaultSqlSession@6f36e5a0]
Releasing transactional SqlSession [org.apache.ibatis.session.defaults.DefaultSqlSession@4cd096f7]
Fetched SqlSession [org.apache.ibatis.session.defaults.DefaultSqlSession@4cd096f7] from current transaction
Fetched SqlSession [org.apache.ibatis.session.defaults.DefaultSqlSession@6f36e5a0] from current transaction
==>  Preparing: UPDATE link_link SET origin_url=?,update_time=? WHERE del_flag=0 AND (short_code = ?)
==>  Preparing: UPDATE link_link SET origin_url=?,update_time=? WHERE del_flag=0 AND (short_code = ?)
==> Parameters: https://www.example.com/update1(String), 2026-04-26T11:58:35.220602800(LocalDateTime), concurrent(String)
==> Parameters: https://www.example.com/update2(String), 2026-04-26T11:58:35.220602800(LocalDateTime), concurrent(String)
<==    Updates: 1
Releasing transactional SqlSession [org.apache.ibatis.session.defaults.DefaultSqlSession@6f36e5a0]
Transaction synchronization committing SqlSession [org.apache.ibatis.session.defaults.DefaultSqlSession@6f36e5a0]
Transaction synchronization deregistering SqlSession [org.apache.ibatis.session.defaults.DefaultSqlSession@6f36e5a0]
Transaction synchronization closing SqlSession [org.apache.ibatis.session.defaults.DefaultSqlSession@6f36e5a0]
<==    Updates: 1
Releasing transactional SqlSession [org.apache.ibatis.session.defaults.DefaultSqlSession@4cd096f7]
Creating a new SqlSession
Registering transaction synchronization for SqlSession [org.apache.ibatis.session.defaults.DefaultSqlSession@6db8cc04]
Transaction synchronization committing SqlSession [org.apache.ibatis.session.defaults.DefaultSqlSession@4cd096f7]
Transaction synchronization deregistering SqlSession [org.apache.ibatis.session.defaults.DefaultSqlSession@4cd096f7]
Transaction synchronization closing SqlSession [org.apache.ibatis.session.defaults.DefaultSqlSession@4cd096f7]
JDBC Connection [HikariProxyConnection@1243821747 wrapping conn1: url=jdbc:h2:mem:testdb user=SA] will be managed by Spring
==>  Preparing: SELECT id,short_code,gid,origin_url,favicon_url,title,expire_time,status,del_flag,create_time,update_time FROM link_link WHERE del_flag=0 AND (short_code = ? AND status = ?)
==> Parameters: concurrent(String), 0(Integer)
<==    Columns: ID, SHORT_CODE, GID, ORIGIN_URL, FAVICON_URL, TITLE, EXPIRE_TIME, STATUS, DEL_FLAG, CREATE_TIME, UPDATE_TIME
<==        Row: 1777175915187, concurrent, testgid75915184, https://www.example.com/update2, https://www.example.com/favicon.ico, 测试链接, null, 0, 0, 2026-04-26 11:58:35.187423, 2026-04-26 11:58:35.220603
<==      Total: 1
Releasing transactional SqlSession [org.apache.ibatis.session.defaults.DefaultSqlSession@6db8cc04]
Fetched SqlSession [org.apache.ibatis.session.defaults.DefaultSqlSession@6db8cc04] from current transaction
==>  Preparing: SELECT id,gid,name,username,sort_order,del_flag,create_time,update_time FROM link_group WHERE del_flag=0 AND (gid = ? AND username = ?)
==> Parameters: testgid75915184(String), cache_test_user_1777175915119(String)
<==    Columns: ID, GID, NAME, USERNAME, SORT_ORDER, DEL_FLAG, CREATE_TIME, UPDATE_TIME
<==        Row: 1777175915184, testgid75915184, 测试分组, cache_test_user_1777175915119, 0, 0, 2026-04-26 11:58:35.184828, 2026-04-26 11:58:35.184828
<==      Total: 1
Releasing transactional SqlSession [org.apache.ibatis.session.defaults.DefaultSqlSession@6db8cc04]
Fetched SqlSession [org.apache.ibatis.session.defaults.DefaultSqlSession@6db8cc04] from current transaction
==>  Preparing: UPDATE link_link SET origin_url=?,update_time=? WHERE del_flag=0 AND (short_code = ?)
==> Parameters: https://www.example.com/update0(String), 2026-04-26T11:58:35.236071100(LocalDateTime), concurrent(String)
<==    Updates: 1
Releasing transactional SqlSession [org.apache.ibatis.session.defaults.DefaultSqlSession@6db8cc04]
Transaction synchronization committing SqlSession [org.apache.ibatis.session.defaults.DefaultSqlSession@6db8cc04]
Transaction synchronization deregistering SqlSession [org.apache.ibatis.session.defaults.DefaultSqlSession@6db8cc04]
Transaction synchronization closing SqlSession [org.apache.ibatis.session.defaults.DefaultSqlSession@6db8cc04]
]]></system-out>
  </testcase>
  <testcase name="testConsistency_UpdateThenDeleteOrder" classname="com.shortlink.cache.CacheTest$CacheConsistencyTest" time="0.107">
    <system-out><![CDATA[Creating a new SqlSession
SqlSession [org.apache.ibatis.session.defaults.DefaultSqlSession@42a08547] was not registered for synchronization because synchronization is not active
JDBC Connection [HikariProxyConnection@1469783430 wrapping conn0: url=jdbc:h2:mem:testdb user=SA] will not be managed by Spring
==>  Preparing: SELECT id,username,password,phone,mail,real_phone,real_mail,del_flag,create_time,update_time FROM link_user WHERE del_flag=0 AND (username = ?)
==> Parameters: cache_test_user_1777175915251(String)
<==      Total: 0
Closing non transactional SqlSession [org.apache.ibatis.session.defaults.DefaultSqlSession@42a08547]
Creating a new SqlSession
SqlSession [org.apache.ibatis.session.defaults.DefaultSqlSession@5d28ac23] was not registered for synchronization because synchronization is not active
JDBC Connection [HikariProxyConnection@338627265 wrapping conn0: url=jdbc:h2:mem:testdb user=SA] will not be managed by Spring
==>  Preparing: INSERT INTO link_user ( id, username, password, real_phone, real_mail, del_flag, create_time, update_time ) VALUES ( ?, ?, ?, ?, ?, ?, ?, ? )
==> Parameters: 1777175915252(Long), cache_test_user_1777175915251(String), $2a$10$H6HUjfSs643EBR5CCx2sAuo8aQKupUQf3KBf3bNrmLuLC5TqEjUiS(String), 13800138000(String), test@example.com(String), 0(Integer), 2026-04-26T11:58:35.315825400(LocalDateTime), 2026-04-26T11:58:35.315825400(LocalDateTime)
<==    Updates: 1
Closing non transactional SqlSession [org.apache.ibatis.session.defaults.DefaultSqlSession@5d28ac23]
Creating a new SqlSession
SqlSession [org.apache.ibatis.session.defaults.DefaultSqlSession@f4a21cb] was not registered for synchronization because synchronization is not active
JDBC Connection [HikariProxyConnection@1667189729 wrapping conn0: url=jdbc:h2:mem:testdb user=SA] will not be managed by Spring
==>  Preparing: SELECT id,gid,name,username,sort_order,del_flag,create_time,update_time FROM link_group WHERE del_flag=0 AND (gid = ?)
==> Parameters: testgid75915319(String)
<==      Total: 0
Closing non transactional SqlSession [org.apache.ibatis.session.defaults.DefaultSqlSession@f4a21cb]
Creating a new SqlSession
SqlSession [org.apache.ibatis.session.defaults.DefaultSqlSession@456d3914] was not registered for synchronization because synchronization is not active
JDBC Connection [HikariProxyConnection@648021642 wrapping conn0: url=jdbc:h2:mem:testdb user=SA] will not be managed by Spring
==>  Preparing: INSERT INTO link_group ( id, gid, name, username, sort_order, del_flag, create_time, update_time ) VALUES ( ?, ?, ?, ?, ?, ?, ?, ? )
==> Parameters: 1777175915324(Long), testgid75915319(String), 测试分组(String), cache_test_user_1777175915251(String), 0(Integer), 0(Integer), 2026-04-26T11:58:35.324862300(LocalDateTime), 2026-04-26T11:58:35.324862300(LocalDateTime)
<==    Updates: 1
Closing non transactional SqlSession [org.apache.ibatis.session.defaults.DefaultSqlSession@456d3914]
Creating a new SqlSession
SqlSession [org.apache.ibatis.session.defaults.DefaultSqlSession@4daa53e0] was not registered for synchronization because synchronization is not active
JDBC Connection [HikariProxyConnection@1805162633 wrapping conn0: url=jdbc:h2:mem:testdb user=SA] will not be managed by Spring
==>  Preparing: SELECT id,short_code,gid,origin_url,favicon_url,title,expire_time,status,del_flag,create_time,update_time FROM link_link WHERE del_flag=0 AND (short_code = ?)
==> Parameters: order(String)
<==      Total: 0
Closing non transactional SqlSession [org.apache.ibatis.session.defaults.DefaultSqlSession@4daa53e0]
Creating a new SqlSession
SqlSession [org.apache.ibatis.session.defaults.DefaultSqlSession@42748f59] was not registered for synchronization because synchronization is not active
JDBC Connection [HikariProxyConnection@943166837 wrapping conn0: url=jdbc:h2:mem:testdb user=SA] will not be managed by Spring
==>  Preparing: INSERT INTO link_link ( id, short_code, gid, origin_url, favicon_url, title, status, del_flag, create_time, update_time ) VALUES ( ?, ?, ?, ?, ?, ?, ?, ?, ?, ? )
==> Parameters: 1777175915331(Long), order(String), testgid75915319(String), https://www.example.com/test(String), https://www.example.com/favicon.ico(String), 测试链接(String), 0(Integer), 0(Integer), 2026-04-26T11:58:35.331984800(LocalDateTime), 2026-04-26T11:58:35.331984800(LocalDateTime)
<==    Updates: 1
Closing non transactional SqlSession [org.apache.ibatis.session.defaults.DefaultSqlSession@42748f59]
Creating a new SqlSession
Registering transaction synchronization for SqlSession [org.apache.ibatis.session.defaults.DefaultSqlSession@6e863469]
JDBC Connection [HikariProxyConnection@586009238 wrapping conn0: url=jdbc:h2:mem:testdb user=SA] will be managed by Spring
==>  Preparing: SELECT id,short_code,gid,origin_url,favicon_url,title,expire_time,status,del_flag,create_time,update_time FROM link_link WHERE del_flag=0 AND (short_code = ? AND status = ?)
==> Parameters: order(String), 0(Integer)
<==    Columns: ID, SHORT_CODE, GID, ORIGIN_URL, FAVICON_URL, TITLE, EXPIRE_TIME, STATUS, DEL_FLAG, CREATE_TIME, UPDATE_TIME
<==        Row: 1777175915331, order, testgid75915319, https://www.example.com/test, https://www.example.com/favicon.ico, 测试链接, null, 0, 0, 2026-04-26 11:58:35.331985, 2026-04-26 11:58:35.331985
<==      Total: 1
Releasing transactional SqlSession [org.apache.ibatis.session.defaults.DefaultSqlSession@6e863469]
Fetched SqlSession [org.apache.ibatis.session.defaults.DefaultSqlSession@6e863469] from current transaction
==>  Preparing: SELECT id,gid,name,username,sort_order,del_flag,create_time,update_time FROM link_group WHERE del_flag=0 AND (gid = ? AND username = ?)
==> Parameters: testgid75915319(String), cache_test_user_1777175915251(String)
<==    Columns: ID, GID, NAME, USERNAME, SORT_ORDER, DEL_FLAG, CREATE_TIME, UPDATE_TIME
<==        Row: 1777175915324, testgid75915319, 测试分组, cache_test_user_1777175915251, 0, 0, 2026-04-26 11:58:35.324862, 2026-04-26 11:58:35.324862
<==      Total: 1
Releasing transactional SqlSession [org.apache.ibatis.session.defaults.DefaultSqlSession@6e863469]
Fetched SqlSession [org.apache.ibatis.session.defaults.DefaultSqlSession@6e863469] from current transaction
==>  Preparing: UPDATE link_link SET origin_url=?,update_time=? WHERE del_flag=0 AND (short_code = ?)
==> Parameters: https://www.example.com/ordered(String), 2026-04-26T11:58:35.343165800(LocalDateTime), order(String)
<==    Updates: 1
Releasing transactional SqlSession [org.apache.ibatis.session.defaults.DefaultSqlSession@6e863469]
Transaction synchronization committing SqlSession [org.apache.ibatis.session.defaults.DefaultSqlSession@6e863469]
Transaction synchronization deregistering SqlSession [org.apache.ibatis.session.defaults.DefaultSqlSession@6e863469]
Transaction synchronization closing SqlSession [org.apache.ibatis.session.defaults.DefaultSqlSession@6e863469]
Creating a new SqlSession
SqlSession [org.apache.ibatis.session.defaults.DefaultSqlSession@5935ade6] was not registered for synchronization because synchronization is not active
JDBC Connection [HikariProxyConnection@1914205330 wrapping conn0: url=jdbc:h2:mem:testdb user=SA] will not be managed by Spring
==>  Preparing: SELECT id,short_code,gid,origin_url,favicon_url,title,expire_time,status,del_flag,create_time,update_time FROM link_link WHERE del_flag=0 AND (short_code = ?)
==> Parameters: order(String)
<==    Columns: ID, SHORT_CODE, GID, ORIGIN_URL, FAVICON_URL, TITLE, EXPIRE_TIME, STATUS, DEL_FLAG, CREATE_TIME, UPDATE_TIME
<==        Row: 1777175915331, order, testgid75915319, https://www.example.com/ordered, https://www.example.com/favicon.ico, 测试链接, null, 0, 0, 2026-04-26 11:58:35.331985, 2026-04-26 11:58:35.343166
<==      Total: 1
Closing non transactional SqlSession [org.apache.ibatis.session.defaults.DefaultSqlSession@5935ade6]
]]></system-out>
  </testcase>
  <testcase name="testConsistency_DeleteInvalidatesCache" classname="com.shortlink.cache.CacheTest$CacheConsistencyTest" time="0.083">
    <system-out><![CDATA[Creating a new SqlSession
SqlSession [org.apache.ibatis.session.defaults.DefaultSqlSession@1e499f1] was not registered for synchronization because synchronization is not active
JDBC Connection [HikariProxyConnection@334903645 wrapping conn0: url=jdbc:h2:mem:testdb user=SA] will not be managed by Spring
==>  Preparing: SELECT id,username,password,phone,mail,real_phone,real_mail,del_flag,create_time,update_time FROM link_user WHERE del_flag=0 AND (username = ?)
==> Parameters: cache_test_user_1777175915358(String)
<==      Total: 0
Closing non transactional SqlSession [org.apache.ibatis.session.defaults.DefaultSqlSession@1e499f1]
Creating a new SqlSession
SqlSession [org.apache.ibatis.session.defaults.DefaultSqlSession@f1f41b5] was not registered for synchronization because synchronization is not active
JDBC Connection [HikariProxyConnection@357474679 wrapping conn0: url=jdbc:h2:mem:testdb user=SA] will not be managed by Spring
==>  Preparing: INSERT INTO link_user ( id, username, password, real_phone, real_mail, del_flag, create_time, update_time ) VALUES ( ?, ?, ?, ?, ?, ?, ?, ? )
==> Parameters: 1777175915360(Long), cache_test_user_1777175915358(String), $2a$10$3cOelg8lfszUo06F5MqYP.UkH5k4TBvSsE.QT5HpawHFAgvMlg7GK(String), 13800138000(String), test@example.com(String), 0(Integer), 2026-04-26T11:58:35.420009400(LocalDateTime), 2026-04-26T11:58:35.420009400(LocalDateTime)
<==    Updates: 1
Closing non transactional SqlSession [org.apache.ibatis.session.defaults.DefaultSqlSession@f1f41b5]
Creating a new SqlSession
SqlSession [org.apache.ibatis.session.defaults.DefaultSqlSession@30c0993e] was not registered for synchronization because synchronization is not active
JDBC Connection [HikariProxyConnection@316564138 wrapping conn0: url=jdbc:h2:mem:testdb user=SA] will not be managed by Spring
==>  Preparing: SELECT id,gid,name,username,sort_order,del_flag,create_time,update_time FROM link_group WHERE del_flag=0 AND (gid = ?)
==> Parameters: testgid75915421(String)
<==      Total: 0
Closing non transactional SqlSession [org.apache.ibatis.session.defaults.DefaultSqlSession@30c0993e]
Creating a new SqlSession
SqlSession [org.apache.ibatis.session.defaults.DefaultSqlSession@67398bad] was not registered for synchronization because synchronization is not active
JDBC Connection [HikariProxyConnection@119331620 wrapping conn0: url=jdbc:h2:mem:testdb user=SA] will not be managed by Spring
==>  Preparing: INSERT INTO link_group ( id, gid, name, username, sort_order, del_flag, create_time, update_time ) VALUES ( ?, ?, ?, ?, ?, ?, ?, ? )
==> Parameters: 1777175915423(Long), testgid75915421(String), 测试分组(String), cache_test_user_1777175915358(String), 0(Integer), 0(Integer), 2026-04-26T11:58:35.423115500(LocalDateTime), 2026-04-26T11:58:35.423115500(LocalDateTime)
<==    Updates: 1
Closing non transactional SqlSession [org.apache.ibatis.session.defaults.DefaultSqlSession@67398bad]
Creating a new SqlSession
SqlSession [org.apache.ibatis.session.defaults.DefaultSqlSession@33a1bb90] was not registered for synchronization because synchronization is not active
JDBC Connection [HikariProxyConnection@1376474236 wrapping conn0: url=jdbc:h2:mem:testdb user=SA] will not be managed by Spring
==>  Preparing: SELECT id,short_code,gid,origin_url,favicon_url,title,expire_time,status,del_flag,create_time,update_time FROM link_link WHERE del_flag=0 AND (short_code = ?)
==> Parameters: deleteconsist(String)
<==      Total: 0
Closing non transactional SqlSession [org.apache.ibatis.session.defaults.DefaultSqlSession@33a1bb90]
Creating a new SqlSession
SqlSession [org.apache.ibatis.session.defaults.DefaultSqlSession@79c4c973] was not registered for synchronization because synchronization is not active
JDBC Connection [HikariProxyConnection@417396884 wrapping conn0: url=jdbc:h2:mem:testdb user=SA] will not be managed by Spring
==>  Preparing: INSERT INTO link_link ( id, short_code, gid, origin_url, favicon_url, title, status, del_flag, create_time, update_time ) VALUES ( ?, ?, ?, ?, ?, ?, ?, ?, ?, ? )
==> Parameters: 1777175915424(Long), deleteconsist(String), testgid75915421(String), https://www.example.com/test(String), https://www.example.com/favicon.ico(String), 测试链接(String), 0(Integer), 0(Integer), 2026-04-26T11:58:35.424664(LocalDateTime), 2026-04-26T11:58:35.424664(LocalDateTime)
<==    Updates: 1
Closing non transactional SqlSession [org.apache.ibatis.session.defaults.DefaultSqlSession@79c4c973]
Creating a new SqlSession
Registering transaction synchronization for SqlSession [org.apache.ibatis.session.defaults.DefaultSqlSession@5519ee60]
JDBC Connection [HikariProxyConnection@206548026 wrapping conn0: url=jdbc:h2:mem:testdb user=SA] will be managed by Spring
==>  Preparing: SELECT id,short_code,gid,origin_url,favicon_url,title,expire_time,status,del_flag,create_time,update_time FROM link_link WHERE del_flag=0 AND (short_code = ? AND status = ?)
==> Parameters: deleteconsist(String), 0(Integer)
<==    Columns: ID, SHORT_CODE, GID, ORIGIN_URL, FAVICON_URL, TITLE, EXPIRE_TIME, STATUS, DEL_FLAG, CREATE_TIME, UPDATE_TIME
<==        Row: 1777175915424, deleteconsist, testgid75915421, https://www.example.com/test, https://www.example.com/favicon.ico, 测试链接, null, 0, 0, 2026-04-26 11:58:35.424664, 2026-04-26 11:58:35.424664
<==      Total: 1
Releasing transactional SqlSession [org.apache.ibatis.session.defaults.DefaultSqlSession@5519ee60]
Fetched SqlSession [org.apache.ibatis.session.defaults.DefaultSqlSession@5519ee60] from current transaction
==>  Preparing: SELECT id,gid,name,username,sort_order,del_flag,create_time,update_time FROM link_group WHERE del_flag=0 AND (gid = ? AND username = ?)
==> Parameters: testgid75915421(String), cache_test_user_1777175915358(String)
<==    Columns: ID, GID, NAME, USERNAME, SORT_ORDER, DEL_FLAG, CREATE_TIME, UPDATE_TIME
<==        Row: 1777175915423, testgid75915421, 测试分组, cache_test_user_1777175915358, 0, 0, 2026-04-26 11:58:35.423116, 2026-04-26 11:58:35.423116
<==      Total: 1
Releasing transactional SqlSession [org.apache.ibatis.session.defaults.DefaultSqlSession@5519ee60]
Fetched SqlSession [org.apache.ibatis.session.defaults.DefaultSqlSession@5519ee60] from current transaction
==>  Preparing: UPDATE link_link SET status=?,update_time=? WHERE del_flag=0 AND (short_code = ?)
==> Parameters: 1(Integer), 2026-04-26T11:58:35.431909(LocalDateTime), deleteconsist(String)
<==    Updates: 1
Releasing transactional SqlSession [org.apache.ibatis.session.defaults.DefaultSqlSession@5519ee60]
Transaction synchronization committing SqlSession [org.apache.ibatis.session.defaults.DefaultSqlSession@5519ee60]
Transaction synchronization deregistering SqlSession [org.apache.ibatis.session.defaults.DefaultSqlSession@5519ee60]
Transaction synchronization closing SqlSession [org.apache.ibatis.session.defaults.DefaultSqlSession@5519ee60]
]]></system-out>
  </testcase>
  <testcase name="testConsistency_UpdateInvalidatesCache" classname="com.shortlink.cache.CacheTest$CacheConsistencyTest" time="0.08">
    <system-out><![CDATA[Creating a new SqlSession
SqlSession [org.apache.ibatis.session.defaults.DefaultSqlSession@169f4152] was not registered for synchronization because synchronization is not active
JDBC Connection [HikariProxyConnection@1026957391 wrapping conn0: url=jdbc:h2:mem:testdb user=SA] will not be managed by Spring
==>  Preparing: SELECT id,username,password,phone,mail,real_phone,real_mail,del_flag,create_time,update_time FROM link_user WHERE del_flag=0 AND (username = ?)
==> Parameters: cache_test_user_1777175915441(String)
<==      Total: 0
Closing non transactional SqlSession [org.apache.ibatis.session.defaults.DefaultSqlSession@169f4152]
Creating a new SqlSession
SqlSession [org.apache.ibatis.session.defaults.DefaultSqlSession@71443983] was not registered for synchronization because synchronization is not active
JDBC Connection [HikariProxyConnection@274541607 wrapping conn0: url=jdbc:h2:mem:testdb user=SA] will not be managed by Spring
==>  Preparing: INSERT INTO link_user ( id, username, password, real_phone, real_mail, del_flag, create_time, update_time ) VALUES ( ?, ?, ?, ?, ?, ?, ?, ? )
==> Parameters: 1777175915443(Long), cache_test_user_1777175915441(String), $2a$10$Ro7i8FR2TtBDFDMzAa/N9.tLfVH0f7sFQXBr00Fx5LdlHdaqvvj4W(String), 13800138000(String), test@example.com(String), 0(Integer), 2026-04-26T11:58:35.503378200(LocalDateTime), 2026-04-26T11:58:35.503378200(LocalDateTime)
<==    Updates: 1
Closing non transactional SqlSession [org.apache.ibatis.session.defaults.DefaultSqlSession@71443983]
Creating a new SqlSession
SqlSession [org.apache.ibatis.session.defaults.DefaultSqlSession@7ca46aaf] was not registered for synchronization because synchronization is not active
JDBC Connection [HikariProxyConnection@1880885548 wrapping conn0: url=jdbc:h2:mem:testdb user=SA] will not be managed by Spring
==>  Preparing: SELECT id,gid,name,username,sort_order,del_flag,create_time,update_time FROM link_group WHERE del_flag=0 AND (gid = ?)
==> Parameters: testgid75915504(String)
<==      Total: 0
Closing non transactional SqlSession [org.apache.ibatis.session.defaults.DefaultSqlSession@7ca46aaf]
Creating a new SqlSession
SqlSession [org.apache.ibatis.session.defaults.DefaultSqlSession@20c4be8d] was not registered for synchronization because synchronization is not active
JDBC Connection [HikariProxyConnection@1493271206 wrapping conn0: url=jdbc:h2:mem:testdb user=SA] will not be managed by Spring
==>  Preparing: INSERT INTO link_group ( id, gid, name, username, sort_order, del_flag, create_time, update_time ) VALUES ( ?, ?, ?, ?, ?, ?, ?, ? )
==> Parameters: 1777175915506(Long), testgid75915504(String), 测试分组(String), cache_test_user_1777175915441(String), 0(Integer), 0(Integer), 2026-04-26T11:58:35.506417200(LocalDateTime), 2026-04-26T11:58:35.506417200(LocalDateTime)
<==    Updates: 1
Closing non transactional SqlSession [org.apache.ibatis.session.defaults.DefaultSqlSession@20c4be8d]
Creating a new SqlSession
SqlSession [org.apache.ibatis.session.defaults.DefaultSqlSession@6af6a3b] was not registered for synchronization because synchronization is not active
JDBC Connection [HikariProxyConnection@384456363 wrapping conn0: url=jdbc:h2:mem:testdb user=SA] will not be managed by Spring
==>  Preparing: SELECT id,short_code,gid,origin_url,favicon_url,title,expire_time,status,del_flag,create_time,update_time FROM link_link WHERE del_flag=0 AND (short_code = ?)
==> Parameters: updateconsist(String)
<==      Total: 0
Closing non transactional SqlSession [org.apache.ibatis.session.defaults.DefaultSqlSession@6af6a3b]
Creating a new SqlSession
SqlSession [org.apache.ibatis.session.defaults.DefaultSqlSession@135fb22d] was not registered for synchronization because synchronization is not active
JDBC Connection [HikariProxyConnection@1176372818 wrapping conn0: url=jdbc:h2:mem:testdb user=SA] will not be managed by Spring
==>  Preparing: INSERT INTO link_link ( id, short_code, gid, origin_url, favicon_url, title, status, del_flag, create_time, update_time ) VALUES ( ?, ?, ?, ?, ?, ?, ?, ?, ?, ? )
==> Parameters: 1777175915507(Long), updateconsist(String), testgid75915504(String), https://www.example.com/test(String), https://www.example.com/favicon.ico(String), 测试链接(String), 0(Integer), 0(Integer), 2026-04-26T11:58:35.507426700(LocalDateTime), 2026-04-26T11:58:35.507426700(LocalDateTime)
<==    Updates: 1
Closing non transactional SqlSession [org.apache.ibatis.session.defaults.DefaultSqlSession@135fb22d]
Creating a new SqlSession
Registering transaction synchronization for SqlSession [org.apache.ibatis.session.defaults.DefaultSqlSession@11261fc9]
JDBC Connection [HikariProxyConnection@1986018372 wrapping conn0: url=jdbc:h2:mem:testdb user=SA] will be managed by Spring
==>  Preparing: SELECT id,short_code,gid,origin_url,favicon_url,title,expire_time,status,del_flag,create_time,update_time FROM link_link WHERE del_flag=0 AND (short_code = ? AND status = ?)
==> Parameters: updateconsist(String), 0(Integer)
<==    Columns: ID, SHORT_CODE, GID, ORIGIN_URL, FAVICON_URL, TITLE, EXPIRE_TIME, STATUS, DEL_FLAG, CREATE_TIME, UPDATE_TIME
<==        Row: 1777175915507, updateconsist, testgid75915504, https://www.example.com/test, https://www.example.com/favicon.ico, 测试链接, null, 0, 0, 2026-04-26 11:58:35.507427, 2026-04-26 11:58:35.507427
<==      Total: 1
Releasing transactional SqlSession [org.apache.ibatis.session.defaults.DefaultSqlSession@11261fc9]
Fetched SqlSession [org.apache.ibatis.session.defaults.DefaultSqlSession@11261fc9] from current transaction
==>  Preparing: SELECT id,gid,name,username,sort_order,del_flag,create_time,update_time FROM link_group WHERE del_flag=0 AND (gid = ? AND username = ?)
==> Parameters: testgid75915504(String), cache_test_user_1777175915441(String)
<==    Columns: ID, GID, NAME, USERNAME, SORT_ORDER, DEL_FLAG, CREATE_TIME, UPDATE_TIME
<==        Row: 1777175915506, testgid75915504, 测试分组, cache_test_user_1777175915441, 0, 0, 2026-04-26 11:58:35.506417, 2026-04-26 11:58:35.506417
<==      Total: 1
Releasing transactional SqlSession [org.apache.ibatis.session.defaults.DefaultSqlSession@11261fc9]
Fetched SqlSession [org.apache.ibatis.session.defaults.DefaultSqlSession@11261fc9] from current transaction
==>  Preparing: UPDATE link_link SET origin_url=?,update_time=? WHERE del_flag=0 AND (short_code = ?)
==> Parameters: https://www.example.com/updated(String), 2026-04-26T11:58:35.514551700(LocalDateTime), updateconsist(String)
<==    Updates: 1
Releasing transactional SqlSession [org.apache.ibatis.session.defaults.DefaultSqlSession@11261fc9]
Transaction synchronization committing SqlSession [org.apache.ibatis.session.defaults.DefaultSqlSession@11261fc9]
Transaction synchronization deregistering SqlSession [org.apache.ibatis.session.defaults.DefaultSqlSession@11261fc9]
Transaction synchronization closing SqlSession [org.apache.ibatis.session.defaults.DefaultSqlSession@11261fc9]
]]></system-out>
  </testcase>
  <testcase name="testConsistency_GetLatestDataAfterInvalidation" classname="com.shortlink.cache.CacheTest$CacheConsistencyTest" time="0.142">
    <system-out><![CDATA[Creating a new SqlSession
SqlSession [org.apache.ibatis.session.defaults.DefaultSqlSession@9fe1e14] was not registered for synchronization because synchronization is not active
JDBC Connection [HikariProxyConnection@223221740 wrapping conn0: url=jdbc:h2:mem:testdb user=SA] will not be managed by Spring
==>  Preparing: SELECT id,username,password,phone,mail,real_phone,real_mail,del_flag,create_time,update_time FROM link_user WHERE del_flag=0 AND (username = ?)
==> Parameters: cache_test_user_1777175915523(String)
<==      Total: 0
Closing non transactional SqlSession [org.apache.ibatis.session.defaults.DefaultSqlSession@9fe1e14]
Creating a new SqlSession
SqlSession [org.apache.ibatis.session.defaults.DefaultSqlSession@41d34a11] was not registered for synchronization because synchronization is not active
JDBC Connection [HikariProxyConnection@710463498 wrapping conn0: url=jdbc:h2:mem:testdb user=SA] will not be managed by Spring
==>  Preparing: INSERT INTO link_user ( id, username, password, real_phone, real_mail, del_flag, create_time, update_time ) VALUES ( ?, ?, ?, ?, ?, ?, ?, ? )
==> Parameters: 1777175915524(Long), cache_test_user_1777175915523(String), $2a$10$w8.Ahk00wmn5YO.1919LSOjB52C9dwnewbVKJQCDzRwLGNahPlDgC(String), 13800138000(String), test@example.com(String), 0(Integer), 2026-04-26T11:58:35.584816200(LocalDateTime), 2026-04-26T11:58:35.584816200(LocalDateTime)
<==    Updates: 1
Closing non transactional SqlSession [org.apache.ibatis.session.defaults.DefaultSqlSession@41d34a11]
Creating a new SqlSession
SqlSession [org.apache.ibatis.session.defaults.DefaultSqlSession@53af65eb] was not registered for synchronization because synchronization is not active
JDBC Connection [HikariProxyConnection@782498053 wrapping conn0: url=jdbc:h2:mem:testdb user=SA] will not be managed by Spring
==>  Preparing: SELECT id,gid,name,username,sort_order,del_flag,create_time,update_time FROM link_group WHERE del_flag=0 AND (gid = ?)
==> Parameters: testgid75915586(String)
<==      Total: 0
Closing non transactional SqlSession [org.apache.ibatis.session.defaults.DefaultSqlSession@53af65eb]
Creating a new SqlSession
SqlSession [org.apache.ibatis.session.defaults.DefaultSqlSession@757bbd02] was not registered for synchronization because synchronization is not active
JDBC Connection [HikariProxyConnection@424667943 wrapping conn0: url=jdbc:h2:mem:testdb user=SA] will not be managed by Spring
==>  Preparing: INSERT INTO link_group ( id, gid, name, username, sort_order, del_flag, create_time, update_time ) VALUES ( ?, ?, ?, ?, ?, ?, ?, ? )
==> Parameters: 1777175915590(Long), testgid75915586(String), 测试分组(String), cache_test_user_1777175915523(String), 0(Integer), 0(Integer), 2026-04-26T11:58:35.590672500(LocalDateTime), 2026-04-26T11:58:35.590672500(LocalDateTime)
<==    Updates: 1
Closing non transactional SqlSession [org.apache.ibatis.session.defaults.DefaultSqlSession@757bbd02]
Creating a new SqlSession
SqlSession [org.apache.ibatis.session.defaults.DefaultSqlSession@316745d8] was not registered for synchronization because synchronization is not active
JDBC Connection [HikariProxyConnection@4061472 wrapping conn0: url=jdbc:h2:mem:testdb user=SA] will not be managed by Spring
==>  Preparing: SELECT id,short_code,gid,origin_url,favicon_url,title,expire_time,status,del_flag,create_time,update_time FROM link_link WHERE del_flag=0 AND (short_code = ?)
==> Parameters: latestdata(String)
<==      Total: 0
Closing non transactional SqlSession [org.apache.ibatis.session.defaults.DefaultSqlSession@316745d8]
Creating a new SqlSession
SqlSession [org.apache.ibatis.session.defaults.DefaultSqlSession@2806c788] was not registered for synchronization because synchronization is not active
JDBC Connection [HikariProxyConnection@1506095285 wrapping conn0: url=jdbc:h2:mem:testdb user=SA] will not be managed by Spring
==>  Preparing: INSERT INTO link_link ( id, short_code, gid, origin_url, favicon_url, title, status, del_flag, create_time, update_time ) VALUES ( ?, ?, ?, ?, ?, ?, ?, ?, ?, ? )
==> Parameters: 1777175915593(Long), latestdata(String), testgid75915586(String), https://www.example.com/test(String), https://www.example.com/favicon.ico(String), 测试链接(String), 0(Integer), 0(Integer), 2026-04-26T11:58:35.593695300(LocalDateTime), 2026-04-26T11:58:35.593695300(LocalDateTime)
<==    Updates: 1
Closing non transactional SqlSession [org.apache.ibatis.session.defaults.DefaultSqlSession@2806c788]
Creating a new SqlSession
Registering transaction synchronization for SqlSession [org.apache.ibatis.session.defaults.DefaultSqlSession@8d56ddd]
JDBC Connection [HikariProxyConnection@1836985427 wrapping conn0: url=jdbc:h2:mem:testdb user=SA] will be managed by Spring
==>  Preparing: SELECT id,short_code,gid,origin_url,favicon_url,title,expire_time,status,del_flag,create_time,update_time FROM link_link WHERE del_flag=0 AND (short_code = ? AND status = ?)
==> Parameters: latestdata(String), 0(Integer)
<==    Columns: ID, SHORT_CODE, GID, ORIGIN_URL, FAVICON_URL, TITLE, EXPIRE_TIME, STATUS, DEL_FLAG, CREATE_TIME, UPDATE_TIME
<==        Row: 1777175915593, latestdata, testgid75915586, https://www.example.com/test, https://www.example.com/favicon.ico, 测试链接, null, 0, 0, 2026-04-26 11:58:35.593695, 2026-04-26 11:58:35.593695
<==      Total: 1
Releasing transactional SqlSession [org.apache.ibatis.session.defaults.DefaultSqlSession@8d56ddd]
Fetched SqlSession [org.apache.ibatis.session.defaults.DefaultSqlSession@8d56ddd] from current transaction
==>  Preparing: SELECT id,gid,name,username,sort_order,del_flag,create_time,update_time FROM link_group WHERE del_flag=0 AND (gid = ? AND username = ?)
==> Parameters: testgid75915586(String), cache_test_user_1777175915523(String)
<==    Columns: ID, GID, NAME, USERNAME, SORT_ORDER, DEL_FLAG, CREATE_TIME, UPDATE_TIME
<==        Row: 1777175915590, testgid75915586, 测试分组, cache_test_user_1777175915523, 0, 0, 2026-04-26 11:58:35.590673, 2026-04-26 11:58:35.590673
<==      Total: 1
Releasing transactional SqlSession [org.apache.ibatis.session.defaults.DefaultSqlSession@8d56ddd]
Fetched SqlSession [org.apache.ibatis.session.defaults.DefaultSqlSession@8d56ddd] from current transaction
==>  Preparing: UPDATE link_link SET origin_url=?,update_time=? WHERE del_flag=0 AND (short_code = ?)
==> Parameters: https://www.example.com/newurl(String), 2026-04-26T11:58:35.603193800(LocalDateTime), latestdata(String)
<==    Updates: 1
Releasing transactional SqlSession [org.apache.ibatis.session.defaults.DefaultSqlSession@8d56ddd]
Transaction synchronization committing SqlSession [org.apache.ibatis.session.defaults.DefaultSqlSession@8d56ddd]
Transaction synchronization deregistering SqlSession [org.apache.ibatis.session.defaults.DefaultSqlSession@8d56ddd]
Transaction synchronization closing SqlSession [org.apache.ibatis.session.defaults.DefaultSqlSession@8d56ddd]
Creating a new SqlSession
SqlSession [org.apache.ibatis.session.defaults.DefaultSqlSession@d7ce31c] was not registered for synchronization because synchronization is not active
JDBC Connection [HikariProxyConnection@1557075266 wrapping conn0: url=jdbc:h2:mem:testdb user=SA] will not be managed by Spring
==>  Preparing: SELECT id,short_code,gid,origin_url,favicon_url,title,expire_time,status,del_flag,create_time,update_time FROM link_link WHERE del_flag=0 AND (short_code = ? AND status = ?)
==> Parameters: latestdata(String), 0(Integer)
<==    Columns: ID, SHORT_CODE, GID, ORIGIN_URL, FAVICON_URL, TITLE, EXPIRE_TIME, STATUS, DEL_FLAG, CREATE_TIME, UPDATE_TIME
<==        Row: 1777175915593, latestdata, testgid75915586, https://www.example.com/newurl, https://www.example.com/favicon.ico, 测试链接, null, 0, 0, 2026-04-26 11:58:35.593695, 2026-04-26 11:58:35.603194
<==      Total: 1
Closing non transactional SqlSession [org.apache.ibatis.session.defaults.DefaultSqlSession@d7ce31c]
]]></system-out>
  </testcase>
</testsuite>