<?xml version="1.0" encoding="UTF-8"?>
<testsuite xmlns:xsi="http://www.w3.org/2001/XMLSchema-instance" xsi:noNamespaceSchemaLocation="https://maven.apache.org/surefire/maven-surefire-plugin/xsd/surefire-test-report-3.0.xsd" version="3.0" name="com.shortlink.service.impl.UserServiceImplTest$IsUsernameAvailableTest" time="0.056" tests="5" errors="0" skipped="0" failures="0">
  <properties>
[...]
</properties>
  <testcase name="isUsernameAvailable_True_ByBloomFilter" classname="com.shortlink.service.impl.UserServiceImplTest$IsUsernameAvailableTest" time="0.01"/>
  <testcase name="isUsernameAvailable_False_AlreadyExists" classname="com.shortlink.service.impl.UserServiceImplTest$IsUsernameAvailableTest" time="0.013"/>
  <testcase name="isUsernameAvailable_Fail_EmptyUsername" classname="com.shortlink.service.impl.UserServiceImplTest$IsUsernameAvailableTest" time="0.006"/>
  <testcase name="isUsernameAvailable_True_ByNullCache" classname="com.shortlink.service.impl.UserServiceImplTest$IsUsernameAvailableTest" time="0.01"/>
  <testcase name="isUsernameAvailable_True_ByDatabase" classname="com.shortlink.service.impl.UserServiceImplTest$IsUsernameAvailableTest" time="0.007"/>
</testsuite>