<?xml version="1.0" encoding="UTF-8"?>
<testsuite xmlns:xsi="http://www.w3.org/2001/XMLSchema-instance" xsi:noNamespaceSchemaLocation="https://maven.apache.org/surefire/maven-surefire-plugin/xsd/surefire-test-report-3.0.xsd" version="3.0" name="com.shortlink.cache.CacheTest$BloomFilterPenetrationTest" time="8.443" tests="6" errors="0" skipped="0" failures="0">
  <properties>
[...]
</properties>
  <testcase name="testBloomFilter_ExistingShortCode" classname="com.shortlink.cache.CacheTest$BloomFilterPenetrationTest" time="0.88">
    <system-out><![CDATA[11:58:26.404 [main] INFO org.springframework.test.context.support.AnnotationConfigContextLoaderUtils -- Could not detect default configuration classes for test class [com.shortlink.cache.CacheTest]: CacheTest does not declare any static, non-private, non-final, nested classes annotated with @Configuration.
11:58:26.543 [main] INFO org.springframework.boot.test.context.SpringBootTestContextBootstrapper -- Found @SpringBootConfiguration com.shortlink.ShortLinkApplication for test class com.shortlink.cache.CacheTest
11:58:26.667 [main] INFO org.springframework.test.context.support.AnnotationConfigContextLoaderUtils -- Could not detect default configuration classes for test class [com.shortlink.cache.CacheTest$BloomFilterPenetrationTest]: BloomFilterPenetrationTest does not declare any static, non-private, non-final, nested classes annotated with @Configuration.
11:58:26.671 [main] INFO org.springframework.boot.test.context.SpringBootTestContextBootstrapper -- Found @SpringBootConfiguration com.shortlink.ShortLinkApplication for test class com.shortlink.cache.CacheTest$BloomFilterPenetrationTest

  .   ____          _            __ _ _
 /\\ / ___'_ __ _ _(_)_ __  __ _ \ \ \ \
( ( )\___ | '_ | '_| | '_ \/ _` | \ \ \ \
 \\/  ___)| |_)| | | | | || (_| |  ) ) ) )
  '  |____| .__|_| |_|_| |_\__, | / / / /
 =========|_|==============|___/=/_/_/_/
 :: Spring Boot ::                (v3.2.5)

2026-04-26T11:58:26.979+08:00  INFO 14984 --- [shortlink-backend] [           main] com.shortlink.cache.CacheTest            : Starting CacheTest using Java 17.0.18 with PID 14984 (started by 97645 in D:\Java_project\06Java_project\backend)
2026-04-26T11:58:26.980+08:00 DEBUG 14984 --- [shortlink-backend] [           main] com.shortlink.cache.CacheTest            : Running with Spring Boot v3.2.5, Spring v6.1.6
2026-04-26T11:58:26.981+08:00  INFO 14984 --- [shortlink-backend] [           main] com.shortlink.cache.CacheTest            : The following 1 profile is active: "test"
2026-04-26T11:58:28.283+08:00  INFO 14984 --- [shortlink-backend] [           main] .s.d.r.c.RepositoryConfigurationDelegate : Multiple Spring Data modules found, entering strict repository configuration mode
2026-04-26T11:58:28.286+08:00  INFO 14984 --- [shortlink-backend] [           main] .s.d.r.c.RepositoryConfigurationDelegate : Bootstrapping Spring Data Redis repositories in DEFAULT mode.
2026-04-26T11:58:28.327+08:00  INFO 14984 --- [shortlink-backend] [           main] .s.d.r.c.RepositoryConfigurationDelegate : Finished Spring Data repository scanning in 25 ms. Found 0 Redis repository interfaces.
2026-04-26T11:58:29.131+08:00  INFO 14984 --- [shortlink-backend] [           main] org.redisson.Version                     : Redisson 3.27.2
2026-04-26T11:58:30.127+08:00  INFO 14984 --- [shortlink-backend] [isson-netty-1-5] o.redisson.connection.ConnectionsHolder  : 1 connections initialized for localhost/127.0.0.1:6379
2026-04-26T11:58:30.143+08:00  INFO 14984 --- [shortlink-backend] [sson-netty-1-14] o.redisson.connection.ConnectionsHolder  : 5 connections initialized for localhost/127.0.0.1:6379
Logging initialized using 'class org.apache.ibatis.logging.stdout.StdOutImpl' adapter.
Initialization Sequence datacenterId:6 workerId:28
 _ _   |_  _ _|_. ___ _ |    _ 
| | |\/|_)(_| | |_\  |_)||_|_\ 
     /               |         
                        3.5.5 
2026-04-26T11:58:30.775+08:00  INFO 14984 --- [shortlink-backend] [           main] com.zaxxer.hikari.HikariDataSource       : HikariPool-1 - Starting...
2026-04-26T11:58:31.054+08:00  INFO 14984 --- [shortlink-backend] [           main] com.zaxxer.hikari.pool.HikariPool        : HikariPool-1 - Added connection conn0: url=jdbc:h2:mem:testdb user=SA
2026-04-26T11:58:31.056+08:00  INFO 14984 --- [shortlink-backend] [           main] com.zaxxer.hikari.HikariDataSource       : HikariPool-1 - Start completed.
2026-04-26T11:58:33.301+08:00  INFO 14984 --- [shortlink-backend] [           main] o.s.b.a.e.web.EndpointLinksResolver      : Exposing 1 endpoint(s) beneath base path '/actuator'
2026-04-26T11:58:33.420+08:00  INFO 14984 --- [shortlink-backend] [           main] com.shortlink.cache.CacheTest            : Started CacheTest in 6.713 seconds (process running for 7.874)
2026-04-26T11:58:33.495+08:00  INFO 14984 --- [shortlink-backend] [           main] com.shortlink.config.CacheWarmUpRunner   : 开始执行缓存预热...
2026-04-26T11:58:33.495+08:00  INFO 14984 --- [shortlink-backend] [           main] c.s.service.impl.LinkServiceImpl         : 开始预热短链接缓存...
Creating a new SqlSession
SqlSession [org.apache.ibatis.session.defaults.DefaultSqlSession@25c756f0] was not registered for synchronization because synchronization is not active
JDBC Connection [HikariProxyConnection@681418509 wrapping conn0: url=jdbc:h2:mem:testdb user=SA] will not be managed by Spring
==>  Preparing: SELECT id,short_code,gid,origin_url,favicon_url,title,expire_time,status,del_flag,create_time,update_time FROM link_link WHERE del_flag=0 AND (status = ? AND (expire_time IS NULL OR expire_time > ?)) ORDER BY create_time DESC LIMIT 1000
==> Parameters: 0(Integer), 2026-04-26T11:58:33.533186800(LocalDateTime)
<==      Total: 0
Closing non transactional SqlSession [org.apache.ibatis.session.defaults.DefaultSqlSession@25c756f0]
2026-04-26T11:58:33.707+08:00  INFO 14984 --- [shortlink-backend] [           main] c.s.service.impl.LinkServiceImpl         : 短链接缓存预热完成，预热数量: 0
2026-04-26T11:58:33.708+08:00  INFO 14984 --- [shortlink-backend] [           main] com.shortlink.config.CacheWarmUpRunner   : 缓存预热执行完成
2026-04-26T11:58:33.709+08:00  INFO 14984 --- [shortlink-backend] [           main] c.s.config.BloomFilterInitializer        : 开始初始化布隆过滤器...
2026-04-26T11:58:33.711+08:00  INFO 14984 --- [shortlink-backend] [           main] c.s.config.BloomFilterInitializer        : 初始化用户名布隆过滤器...
Creating a new SqlSession
SqlSession [org.apache.ibatis.session.defaults.DefaultSqlSession@7af4286] was not registered for synchronization because synchronization is not active
JDBC Connection [HikariProxyConnection@1150043970 wrapping conn0: url=jdbc:h2:mem:testdb user=SA] will not be managed by Spring
==>  Preparing: SELECT username FROM link_user WHERE del_flag=0
==> Parameters: 
<==      Total: 0
Closing non transactional SqlSession [org.apache.ibatis.session.defaults.DefaultSqlSession@7af4286]
2026-04-26T11:58:33.726+08:00  INFO 14984 --- [shortlink-backend] [           main] c.s.config.BloomFilterInitializer        : 用户名布隆过滤器初始化完成，已添加 0 个用户名
2026-04-26T11:58:33.727+08:00  INFO 14984 --- [shortlink-backend] [           main] c.s.config.BloomFilterInitializer        : 初始化短链接码布隆过滤器...
Creating a new SqlSession
SqlSession [org.apache.ibatis.session.defaults.DefaultSqlSession@4a5a8c6f] was not registered for synchronization because synchronization is not active
JDBC Connection [HikariProxyConnection@1586433108 wrapping conn0: url=jdbc:h2:mem:testdb user=SA] will not be managed by Spring
==>  Preparing: SELECT short_code FROM link_link WHERE del_flag=0
==> Parameters: 
<==      Total: 0
Closing non transactional SqlSession [org.apache.ibatis.session.defaults.DefaultSqlSession@4a5a8c6f]
2026-04-26T11:58:33.735+08:00  INFO 14984 --- [shortlink-backend] [           main] c.s.config.BloomFilterInitializer        : 短链接码布隆过滤器初始化完成，已添加 0 个短链接码
2026-04-26T11:58:33.736+08:00  INFO 14984 --- [shortlink-backend] [           main] c.s.config.BloomFilterInitializer        : 布隆过滤器初始化完成
Creating a new SqlSession
SqlSession [org.apache.ibatis.session.defaults.DefaultSqlSession@3b96ea23] was not registered for synchronization because synchronization is not active
JDBC Connection [HikariProxyConnection@1959104356 wrapping conn0: url=jdbc:h2:mem:testdb user=SA] will not be managed by Spring
==>  Preparing: SELECT id,username,password,phone,mail,real_phone,real_mail,del_flag,create_time,update_time FROM link_user WHERE del_flag=0 AND (username = ?)
==> Parameters: cache_test_user_1777175914503(String)
<==      Total: 0
Closing non transactional SqlSession [org.apache.ibatis.session.defaults.DefaultSqlSession@3b96ea23]
Creating a new SqlSession
SqlSession [org.apache.ibatis.session.defaults.DefaultSqlSession@46e2a773] was not registered for synchronization because synchronization is not active
JDBC Connection [HikariProxyConnection@1063303686 wrapping conn0: url=jdbc:h2:mem:testdb user=SA] will not be managed by Spring
==>  Preparing: INSERT INTO link_user ( id, username, password, real_phone, real_mail, del_flag, create_time, update_time ) VALUES ( ?, ?, ?, ?, ?, ?, ?, ? )
==> Parameters: 1777175914510(Long), cache_test_user_1777175914503(String), $2a$10$.kpsD266PZXeubc8UzcwX.e0HgqqhAxu8Cy3sCKLwn9P6.JLzvsDe(String), 13800138000(String), test@example.com(String), 0(Integer), 2026-04-26T11:58:34.578354900(LocalDateTime), 2026-04-26T11:58:34.578354900(LocalDateTime)
<==    Updates: 1
Closing non transactional SqlSession [org.apache.ibatis.session.defaults.DefaultSqlSession@46e2a773]
Creating a new SqlSession
SqlSession [org.apache.ibatis.session.defaults.DefaultSqlSession@738a977d] was not registered for synchronization because synchronization is not active
JDBC Connection [HikariProxyConnection@1499701961 wrapping conn0: url=jdbc:h2:mem:testdb user=SA] will not be managed by Spring
==>  Preparing: SELECT id,gid,name,username,sort_order,del_flag,create_time,update_time FROM link_group WHERE del_flag=0 AND (gid = ?)
==> Parameters: testgid75914585(String)
<==      Total: 0
Closing non transactional SqlSession [org.apache.ibatis.session.defaults.DefaultSqlSession@738a977d]
Creating a new SqlSession
SqlSession [org.apache.ibatis.session.defaults.DefaultSqlSession@79143853] was not registered for synchronization because synchronization is not active
JDBC Connection [HikariProxyConnection@1411294807 wrapping conn0: url=jdbc:h2:mem:testdb user=SA] will not be managed by Spring
==>  Preparing: INSERT INTO link_group ( id, gid, name, username, sort_order, del_flag, create_time, update_time ) VALUES ( ?, ?, ?, ?, ?, ?, ?, ? )
==> Parameters: 1777175914587(Long), testgid75914585(String), 测试分组(String), cache_test_user_1777175914503(String), 0(Integer), 0(Integer), 2026-04-26T11:58:34.587445500(LocalDateTime), 2026-04-26T11:58:34.587445500(LocalDateTime)
<==    Updates: 1
Closing non transactional SqlSession [org.apache.ibatis.session.defaults.DefaultSqlSession@79143853]
Creating a new SqlSession
SqlSession [org.apache.ibatis.session.defaults.DefaultSqlSession@6a4bd9e4] was not registered for synchronization because synchronization is not active
JDBC Connection [HikariProxyConnection@623307959 wrapping conn0: url=jdbc:h2:mem:testdb user=SA] will not be managed by Spring
==>  Preparing: SELECT id,short_code,gid,origin_url,favicon_url,title,expire_time,status,del_flag,create_time,update_time FROM link_link WHERE del_flag=0 AND (short_code = ?)
==> Parameters: bloomtest1(String)
<==      Total: 0
Closing non transactional SqlSession [org.apache.ibatis.session.defaults.DefaultSqlSession@6a4bd9e4]
Creating a new SqlSession
SqlSession [org.apache.ibatis.session.defaults.DefaultSqlSession@1196950e] was not registered for synchronization because synchronization is not active
JDBC Connection [HikariProxyConnection@1225640192 wrapping conn0: url=jdbc:h2:mem:testdb user=SA] will not be managed by Spring
==>  Preparing: INSERT INTO link_link ( id, short_code, gid, origin_url, favicon_url, title, status, del_flag, create_time, update_time ) VALUES ( ?, ?, ?, ?, ?, ?, ?, ?, ?, ? )
==> Parameters: 1777175914593(Long), bloomtest1(String), testgid75914585(String), https://www.example.com/test(String), https://www.example.com/favicon.ico(String), 测试链接(String), 0(Integer), 0(Integer), 2026-04-26T11:58:34.593915(LocalDateTime), 2026-04-26T11:58:34.593915(LocalDateTime)
<==    Updates: 1
Closing non transactional SqlSession [org.apache.ibatis.session.defaults.DefaultSqlSession@1196950e]
]]></system-out>
  </testcase>
  <testcase name="testBloomFilter_ExistingUsername" classname="com.shortlink.cache.CacheTest$BloomFilterPenetrationTest" time="0.08">
    <system-out><![CDATA[Creating a new SqlSession
SqlSession [org.apache.ibatis.session.defaults.DefaultSqlSession@50dfceff] was not registered for synchronization because synchronization is not active
JDBC Connection [HikariProxyConnection@40521735 wrapping conn0: url=jdbc:h2:mem:testdb user=SA] will not be managed by Spring
==>  Preparing: SELECT id,username,password,phone,mail,real_phone,real_mail,del_flag,create_time,update_time FROM link_user WHERE del_flag=0 AND (username = ?)
==> Parameters: cache_test_user_1777175914660(String)
<==      Total: 0
Closing non transactional SqlSession [org.apache.ibatis.session.defaults.DefaultSqlSession@50dfceff]
Creating a new SqlSession
SqlSession [org.apache.ibatis.session.defaults.DefaultSqlSession@6c366d3] was not registered for synchronization because synchronization is not active
JDBC Connection [HikariProxyConnection@1450828900 wrapping conn0: url=jdbc:h2:mem:testdb user=SA] will not be managed by Spring
==>  Preparing: INSERT INTO link_user ( id, username, password, real_phone, real_mail, del_flag, create_time, update_time ) VALUES ( ?, ?, ?, ?, ?, ?, ?, ? )
==> Parameters: 1777175914661(Long), cache_test_user_1777175914660(String), $2a$10$wjJs4ZHOLKQPF9n1puNS2ea3pGp7epmpDcP1R/sn2n6RsvWFal.dK(String), 13800138000(String), test@example.com(String), 0(Integer), 2026-04-26T11:58:34.721759800(LocalDateTime), 2026-04-26T11:58:34.721759800(LocalDateTime)
<==    Updates: 1
Closing non transactional SqlSession [org.apache.ibatis.session.defaults.DefaultSqlSession@6c366d3]
Creating a new SqlSession
SqlSession [org.apache.ibatis.session.defaults.DefaultSqlSession@6089c1e3] was not registered for synchronization because synchronization is not active
JDBC Connection [HikariProxyConnection@1730354573 wrapping conn0: url=jdbc:h2:mem:testdb user=SA] will not be managed by Spring
==>  Preparing: SELECT id,gid,name,username,sort_order,del_flag,create_time,update_time FROM link_group WHERE del_flag=0 AND (gid = ?)
==> Parameters: testgid75914723(String)
<==      Total: 0
Closing non transactional SqlSession [org.apache.ibatis.session.defaults.DefaultSqlSession@6089c1e3]
Creating a new SqlSession
SqlSession [org.apache.ibatis.session.defaults.DefaultSqlSession@7acb0a44] was not registered for synchronization because synchronization is not active
JDBC Connection [HikariProxyConnection@1661504445 wrapping conn0: url=jdbc:h2:mem:testdb user=SA] will not be managed by Spring
==>  Preparing: INSERT INTO link_group ( id, gid, name, username, sort_order, del_flag, create_time, update_time ) VALUES ( ?, ?, ?, ?, ?, ?, ?, ? )
==> Parameters: 1777175914724(Long), testgid75914723(String), 测试分组(String), cache_test_user_1777175914660(String), 0(Integer), 0(Integer), 2026-04-26T11:58:34.724769200(LocalDateTime), 2026-04-26T11:58:34.724769200(LocalDateTime)
<==    Updates: 1
Closing non transactional SqlSession [org.apache.ibatis.session.defaults.DefaultSqlSession@7acb0a44]
]]></system-out>
  </testcase>
  <testcase name="testBloomFilter_NonExistingUsername" classname="com.shortlink.cache.CacheTest$BloomFilterPenetrationTest" time="0.086">
    <system-out><![CDATA[Creating a new SqlSession
SqlSession [org.apache.ibatis.session.defaults.DefaultSqlSession@298990ab] was not registered for synchronization because synchronization is not active
JDBC Connection [HikariProxyConnection@1875135670 wrapping conn0: url=jdbc:h2:mem:testdb user=SA] will not be managed by Spring
==>  Preparing: SELECT id,username,password,phone,mail,real_phone,real_mail,del_flag,create_time,update_time FROM link_user WHERE del_flag=0 AND (username = ?)
==> Parameters: cache_test_user_1777175914740(String)
<==      Total: 0
Closing non transactional SqlSession [org.apache.ibatis.session.defaults.DefaultSqlSession@298990ab]
Creating a new SqlSession
SqlSession [org.apache.ibatis.session.defaults.DefaultSqlSession@33c6c4f] was not registered for synchronization because synchronization is not active
JDBC Connection [HikariProxyConnection@1313874274 wrapping conn0: url=jdbc:h2:mem:testdb user=SA] will not be managed by Spring
==>  Preparing: INSERT INTO link_user ( id, username, password, real_phone, real_mail, del_flag, create_time, update_time ) VALUES ( ?, ?, ?, ?, ?, ?, ?, ? )
==> Parameters: 1777175914742(Long), cache_test_user_1777175914740(String), $2a$10$mwpGN9r9DnF4L14QidS3OOP/k/e4O/wLvFT4w4M8SUktKdYk4Muri(String), 13800138000(String), test@example.com(String), 0(Integer), 2026-04-26T11:58:34.802081300(LocalDateTime), 2026-04-26T11:58:34.802081300(LocalDateTime)
<==    Updates: 1
Closing non transactional SqlSession [org.apache.ibatis.session.defaults.DefaultSqlSession@33c6c4f]
Creating a new SqlSession
SqlSession [org.apache.ibatis.session.defaults.DefaultSqlSession@b6a20ce] was not registered for synchronization because synchronization is not active
JDBC Connection [HikariProxyConnection@364203191 wrapping conn0: url=jdbc:h2:mem:testdb user=SA] will not be managed by Spring
==>  Preparing: SELECT id,gid,name,username,sort_order,del_flag,create_time,update_time FROM link_group WHERE del_flag=0 AND (gid = ?)
==> Parameters: testgid75914805(String)
<==      Total: 0
Closing non transactional SqlSession [org.apache.ibatis.session.defaults.DefaultSqlSession@b6a20ce]
Creating a new SqlSession
SqlSession [org.apache.ibatis.session.defaults.DefaultSqlSession@3f6bfcbe] was not registered for synchronization because synchronization is not active
JDBC Connection [HikariProxyConnection@527175306 wrapping conn0: url=jdbc:h2:mem:testdb user=SA] will not be managed by Spring
==>  Preparing: INSERT INTO link_group ( id, gid, name, username, sort_order, del_flag, create_time, update_time ) VALUES ( ?, ?, ?, ?, ?, ?, ?, ? )
==> Parameters: 1777175914807(Long), testgid75914805(String), 测试分组(String), cache_test_user_1777175914740(String), 0(Integer), 0(Integer), 2026-04-26T11:58:34.807607600(LocalDateTime), 2026-04-26T11:58:34.807607600(LocalDateTime)
<==    Updates: 1
Closing non transactional SqlSession [org.apache.ibatis.session.defaults.DefaultSqlSession@3f6bfcbe]
]]></system-out>
  </testcase>
  <testcase name="testBloomFilter_PreventPenetration" classname="com.shortlink.cache.CacheTest$BloomFilterPenetrationTest" time="0.107">
    <system-out><![CDATA[Creating a new SqlSession
SqlSession [org.apache.ibatis.session.defaults.DefaultSqlSession@1f9009d3] was not registered for synchronization because synchronization is not active
JDBC Connection [HikariProxyConnection@80342336 wrapping conn0: url=jdbc:h2:mem:testdb user=SA] will not be managed by Spring
==>  Preparing: SELECT id,username,password,phone,mail,real_phone,real_mail,del_flag,create_time,update_time FROM link_user WHERE del_flag=0 AND (username = ?)
==> Parameters: cache_test_user_1777175914831(String)
<==      Total: 0
Closing non transactional SqlSession [org.apache.ibatis.session.defaults.DefaultSqlSession@1f9009d3]
Creating a new SqlSession
SqlSession [org.apache.ibatis.session.defaults.DefaultSqlSession@56394880] was not registered for synchronization because synchronization is not active
JDBC Connection [HikariProxyConnection@600045447 wrapping conn0: url=jdbc:h2:mem:testdb user=SA] will not be managed by Spring
==>  Preparing: INSERT INTO link_user ( id, username, password, real_phone, real_mail, del_flag, create_time, update_time ) VALUES ( ?, ?, ?, ?, ?, ?, ?, ? )
==> Parameters: 1777175914834(Long), cache_test_user_1777175914831(String), $2a$10$Y292ViI7d5/mKaFet2bx4uNE7il9v1lxBTnLfRRdxjqrq2Tx2xwU2(String), 13800138000(String), test@example.com(String), 0(Integer), 2026-04-26T11:58:34.893251400(LocalDateTime), 2026-04-26T11:58:34.893251400(LocalDateTime)
<==    Updates: 1
Closing non transactional SqlSession [org.apache.ibatis.session.defaults.DefaultSqlSession@56394880]
Creating a new SqlSession
SqlSession [org.apache.ibatis.session.defaults.DefaultSqlSession@6b0bcea5] was not registered for synchronization because synchronization is not active
JDBC Connection [HikariProxyConnection@1464361868 wrapping conn0: url=jdbc:h2:mem:testdb user=SA] will not be managed by Spring
==>  Preparing: SELECT id,gid,name,username,sort_order,del_flag,create_time,update_time FROM link_group WHERE del_flag=0 AND (gid = ?)
==> Parameters: testgid75914896(String)
<==      Total: 0
Closing non transactional SqlSession [org.apache.ibatis.session.defaults.DefaultSqlSession@6b0bcea5]
Creating a new SqlSession
SqlSession [org.apache.ibatis.session.defaults.DefaultSqlSession@7e864a8c] was not registered for synchronization because synchronization is not active
JDBC Connection [HikariProxyConnection@1583408697 wrapping conn0: url=jdbc:h2:mem:testdb user=SA] will not be managed by Spring
==>  Preparing: INSERT INTO link_group ( id, gid, name, username, sort_order, del_flag, create_time, update_time ) VALUES ( ?, ?, ?, ?, ?, ?, ?, ? )
==> Parameters: 1777175914897(Long), testgid75914896(String), 测试分组(String), cache_test_user_1777175914831(String), 0(Integer), 0(Integer), 2026-04-26T11:58:34.897318100(LocalDateTime), 2026-04-26T11:58:34.897318100(LocalDateTime)
<==    Updates: 1
Closing non transactional SqlSession [org.apache.ibatis.session.defaults.DefaultSqlSession@7e864a8c]
Creating a new SqlSession
SqlSession [org.apache.ibatis.session.defaults.DefaultSqlSession@2eb6e166] was not registered for synchronization because synchronization is not active
JDBC Connection [HikariProxyConnection@1135738295 wrapping conn0: url=jdbc:h2:mem:testdb user=SA] will not be managed by Spring
==>  Preparing: SELECT id,short_code,gid,origin_url,favicon_url,title,expire_time,status,del_flag,create_time,update_time FROM link_link WHERE del_flag=0 AND (short_code = ? AND status = ?)
==> Parameters: nonexist1777175914898(String), 0(Integer)
<==      Total: 0
Closing non transactional SqlSession [org.apache.ibatis.session.defaults.DefaultSqlSession@2eb6e166]
]]></system-out>
  </testcase>
  <testcase name="testBloomFilter_NonExistingShortCode" classname="com.shortlink.cache.CacheTest$BloomFilterPenetrationTest" time="0.076">
    <system-out><![CDATA[Creating a new SqlSession
SqlSession [org.apache.ibatis.session.defaults.DefaultSqlSession@3725471] was not registered for synchronization because synchronization is not active
JDBC Connection [HikariProxyConnection@1369712487 wrapping conn0: url=jdbc:h2:mem:testdb user=SA] will not be managed by Spring
==>  Preparing: SELECT id,username,password,phone,mail,real_phone,real_mail,del_flag,create_time,update_time FROM link_user WHERE del_flag=0 AND (username = ?)
==> Parameters: cache_test_user_1777175914937(String)
<==      Total: 0
Closing non transactional SqlSession [org.apache.ibatis.session.defaults.DefaultSqlSession@3725471]
Creating a new SqlSession
SqlSession [org.apache.ibatis.session.defaults.DefaultSqlSession@40e420fe] was not registered for synchronization because synchronization is not active
JDBC Connection [HikariProxyConnection@2125091542 wrapping conn0: url=jdbc:h2:mem:testdb user=SA] will not be managed by Spring
==>  Preparing: INSERT INTO link_user ( id, username, password, real_phone, real_mail, del_flag, create_time, update_time ) VALUES ( ?, ?, ?, ?, ?, ?, ?, ? )
==> Parameters: 1777175914940(Long), cache_test_user_1777175914937(String), $2a$10$wLq1YshqrgFOfJIfYFBU/.65gPKHwe9NAruPicIh2EZh5cjgQSGOG(String), 13800138000(String), test@example.com(String), 0(Integer), 2026-04-26T11:58:34.999988400(LocalDateTime), 2026-04-26T11:58:34.999988400(LocalDateTime)
<==    Updates: 1
Closing non transactional SqlSession [org.apache.ibatis.session.defaults.DefaultSqlSession@40e420fe]
Creating a new SqlSession
SqlSession [org.apache.ibatis.session.defaults.DefaultSqlSession@4cbf1c30] was not registered for synchronization because synchronization is not active
JDBC Connection [HikariProxyConnection@1011914207 wrapping conn0: url=jdbc:h2:mem:testdb user=SA] will not be managed by Spring
==>  Preparing: SELECT id,gid,name,username,sort_order,del_flag,create_time,update_time FROM link_group WHERE del_flag=0 AND (gid = ?)
==> Parameters: testgid75915000(String)
<==      Total: 0
Closing non transactional SqlSession [org.apache.ibatis.session.defaults.DefaultSqlSession@4cbf1c30]
Creating a new SqlSession
SqlSession [org.apache.ibatis.session.defaults.DefaultSqlSession@5d52a17b] was not registered for synchronization because synchronization is not active
JDBC Connection [HikariProxyConnection@1908565221 wrapping conn0: url=jdbc:h2:mem:testdb user=SA] will not be managed by Spring
==>  Preparing: INSERT INTO link_group ( id, gid, name, username, sort_order, del_flag, create_time, update_time ) VALUES ( ?, ?, ?, ?, ?, ?, ?, ? )
==> Parameters: 1777175915001(Long), testgid75915000(String), 测试分组(String), cache_test_user_1777175914937(String), 0(Integer), 0(Integer), 2026-04-26T11:58:35.001995200(LocalDateTime), 2026-04-26T11:58:35.001995200(LocalDateTime)
<==    Updates: 1
Closing non transactional SqlSession [org.apache.ibatis.session.defaults.DefaultSqlSession@5d52a17b]
]]></system-out>
  </testcase>
  <testcase name="testNullCache_PreventPenetration" classname="com.shortlink.cache.CacheTest$BloomFilterPenetrationTest" time="0.091">
    <system-out><![CDATA[Creating a new SqlSession
SqlSession [org.apache.ibatis.session.defaults.DefaultSqlSession@4c821dc7] was not registered for synchronization because synchronization is not active
JDBC Connection [HikariProxyConnection@352894065 wrapping conn0: url=jdbc:h2:mem:testdb user=SA] will not be managed by Spring
==>  Preparing: SELECT id,username,password,phone,mail,real_phone,real_mail,del_flag,create_time,update_time FROM link_user WHERE del_flag=0 AND (username = ?)
==> Parameters: cache_test_user_1777175915014(String)
<==      Total: 0
Closing non transactional SqlSession [org.apache.ibatis.session.defaults.DefaultSqlSession@4c821dc7]
Creating a new SqlSession
SqlSession [org.apache.ibatis.session.defaults.DefaultSqlSession@408f3054] was not registered for synchronization because synchronization is not active
JDBC Connection [HikariProxyConnection@135575051 wrapping conn0: url=jdbc:h2:mem:testdb user=SA] will not be managed by Spring
==>  Preparing: INSERT INTO link_user ( id, username, password, real_phone, real_mail, del_flag, create_time, update_time ) VALUES ( ?, ?, ?, ?, ?, ?, ?, ? )
==> Parameters: 1777175915017(Long), cache_test_user_1777175915014(String), $2a$10$MUPNKAVBSpJ0bsodjcuI/OTdgWIqPdE/oZQkj6.7tDbe4qhZQlUhq(String), 13800138000(String), test@example.com(String), 0(Integer), 2026-04-26T11:58:35.079078600(LocalDateTime), 2026-04-26T11:58:35.079078600(LocalDateTime)
<==    Updates: 1
Closing non transactional SqlSession [org.apache.ibatis.session.defaults.DefaultSqlSession@408f3054]
Creating a new SqlSession
SqlSession [org.apache.ibatis.session.defaults.DefaultSqlSession@515a897c] was not registered for synchronization because synchronization is not active
JDBC Connection [HikariProxyConnection@427650249 wrapping conn0: url=jdbc:h2:mem:testdb user=SA] will not be managed by Spring
==>  Preparing: SELECT id,gid,name,username,sort_order,del_flag,create_time,update_time FROM link_group WHERE del_flag=0 AND (gid = ?)
==> Parameters: testgid75915083(String)
<==      Total: 0
Closing non transactional SqlSession [org.apache.ibatis.session.defaults.DefaultSqlSession@515a897c]
Creating a new SqlSession
SqlSession [org.apache.ibatis.session.defaults.DefaultSqlSession@8caffbd] was not registered for synchronization because synchronization is not active
JDBC Connection [HikariProxyConnection@1176784485 wrapping conn0: url=jdbc:h2:mem:testdb user=SA] will not be managed by Spring
==>  Preparing: INSERT INTO link_group ( id, gid, name, username, sort_order, del_flag, create_time, update_time ) VALUES ( ?, ?, ?, ?, ?, ?, ?, ? )
==> Parameters: 1777175915084(Long), testgid75915083(String), 测试分组(String), cache_test_user_1777175915014(String), 0(Integer), 0(Integer), 2026-04-26T11:58:35.084388500(LocalDateTime), 2026-04-26T11:58:35.084388500(LocalDateTime)
<==    Updates: 1
Closing non transactional SqlSession [org.apache.ibatis.session.defaults.DefaultSqlSession@8caffbd]
Creating a new SqlSession
SqlSession [org.apache.ibatis.session.defaults.DefaultSqlSession@147a8d7c] was not registered for synchronization because synchronization is not active
JDBC Connection [HikariProxyConnection@1057260670 wrapping conn0: url=jdbc:h2:mem:testdb user=SA] will not be managed by Spring
==>  Preparing: SELECT id,short_code,gid,origin_url,favicon_url,title,expire_time,status,del_flag,create_time,update_time FROM link_link WHERE del_flag=0 AND (short_code = ? AND status = ?)
==> Parameters: nullcache1777175915087(String), 0(Integer)
<==      Total: 0
Closing non transactional SqlSession [org.apache.ibatis.session.defaults.DefaultSqlSession@147a8d7c]
]]></system-out>
  </testcase>
</testsuite>